{"error":"","level":"error","message":"❌ Redis: Error de conexión","timestamp":"2026-01-03 18:05:14"}
{"error":"","level":"error","message":"❌ Redis: Error de conexión","timestamp":"2026-01-03 18:05:15"}
{"error":"","level":"error","message":"❌ Redis: Error de conexión","timestamp":"2026-01-03 18:05:16"}
{"error":"","level":"error","message":"❌ Redis: Error de conexión","timestamp":"2026-01-03 18:05:17"}
{"error":"","level":"error","message":"❌ Redis: Error de conexión","timestamp":"2026-01-03 18:05:18"}
{"error":"","level":"error","message":"❌ Redis: Error de conexión","timestamp":"2026-01-03 18:05:19"}
{"error":"","level":"error","message":"❌ Redis: Error de conexión","timestamp":"2026-01-03 18:05:20"}
{"error":"","level":"error","message":"❌ Redis: Error de conexión","timestamp":"2026-01-03 18:05:21"}
{"error":"","level":"error","message":"❌ Redis: Error de conexión","timestamp":"2026-01-03 18:05:22"}
{"error":"","level":"error","message":"❌ Redis: Error de conexión","timestamp":"2026-01-03 18:05:27"}
{"error":"","level":"error","message":"❌ Redis: Error de conexión","timestamp":"2026-01-03 18:05:28"}
{"error":"","level":"error","message":"❌ Redis: Error de conexión","timestamp":"2026-01-03 18:05:29"}
{"error":"","level":"error","message":"❌ Redis: Error de conexión","timestamp":"2026-01-03 18:05:30"}
{"error":"","level":"error","message":"❌ Redis: Error de conexión","timestamp":"2026-01-03 18:05:31"}
{"error":"","level":"error","message":"❌ Redis: Error de conexión","timestamp":"2026-01-03 18:05:32"}
{"error":"","level":"error","message":"❌ Redis: Error de conexión","timestamp":"2026-01-03 18:05:33"}
{"error":"","level":"error","message":"❌ Redis: Error de conexión","timestamp":"2026-01-03 18:05:34"}
{"error":"","level":"error","message":"❌ Redis: Error de conexión","timestamp":"2026-01-03 18:05:35"}
{"error":"","level":"error","message":"❌ Redis: Error de conexión","timestamp":"2026-01-03 18:05:36"}
{"error":"","level":"error","message":"❌ Redis: Error de conexión","timestamp":"2026-01-03 18:05:37"}
{"level":"error","message":"❌ Redis: Demasiados intentos de reconexión","timestamp":"2026-01-03 18:05:38"}
{"error":"","level":"error","message":"❌ Redis: Error de conexión","timestamp":"2026-01-03 18:06:05"}
{"error":"","level":"error","message":"❌ Redis: Error de conexión","timestamp":"2026-01-03 18:06:06"}
{"error":"","level":"error","message":"❌ Redis: Error de conexión","timestamp":"2026-01-03 18:06:07"}
{"error":"","level":"error","message":"❌ Redis: Error de conexión","timestamp":"2026-01-03 18:06:08"}
{"error":"","level":"error","message":"❌ Redis: Error de conexión","timestamp":"2026-01-03 18:06:09"}
{"error":"","level":"error","message":"❌ Redis: Error de conexión","timestamp":"2026-01-03 18:06:10"}
{"error":"","level":"error","message":"❌ Redis: Error de conexión","timestamp":"2026-01-03 18:06:11"}
{"error":"","level":"error","message":"❌ Redis: Error de conexión","timestamp":"2026-01-03 18:06:12"}
{"error":"","level":"error","message":"❌ Redis: Error de conexión","timestamp":"2026-01-03 18:06:13"}
{"error":"","level":"error","message":"❌ Redis: Error de conexión","timestamp":"2026-01-03 18:06:14"}
{"error":"","level":"error","message":"❌ Redis: Error de conexión","timestamp":"2026-01-03 18:06:15"}
{"level":"error","message":"❌ Redis: Demasiados intentos de reconexión","timestamp":"2026-01-03 18:06:16"}
{"error":"","level":"error","message":"❌ Redis: Error al conectar","timestamp":"2026-01-03 18:06:25"}
{"error":"","level":"error","message":"❌ Redis: Error al conectar","timestamp":"2026-01-03 18:07:25"}
{"error":"","level":"error","message":"❌ Redis: Error al conectar","timestamp":"2026-01-03 18:09:34"}
{"error":"","level":"error","message":"❌ Redis: Error al conectar","timestamp":"2026-01-03 23:13:11"}
{"error":"","level":"error","message":"❌ Redis: Error al conectar","timestamp":"2026-01-03 23:20:02"}
{"error":"The client is closed","key":"activation_pin:6484714e-4051-4007-a1a6-d745b3a51048","level":"error","message":"Redis: Error en get","timestamp":"2026-01-03 23:21:52"}
{"error":"The client is closed","key":"activation_pin:6484714e-4051-4007-a1a6-d745b3a51048","level":"error","message":"Redis: Error en setEx","timestamp":"2026-01-03 23:21:58"}
{"error":"The client is closed","key":"activation_pin:6484714e-4051-4007-a1a6-d745b3a51048","level":"error","message":"Redis: Error en del","timestamp":"2026-01-03 23:23:12"}
{"ip":"::ffff:127.0.0.1","level":"error","message":"Expected double-quoted property name in JSON at position 47 (line 5 column 1)","method":"POST","path":"/api/v1/auth/login/request-pin","stack":"SyntaxError: Expected double-quoted property name in JSON at position 47 (line 5 column 1)\n    at JSON.parse (<anonymous>)\n    at parse (C:\\Users\\infoj\\OneDrive\\Escritorio\\ExpaSore\\ExpaStore2.0\\ExpaStore-backend\\node_modules\\.pnpm\\body-parser@1.20.4\\node_modules\\body-parser\\lib\\types\\json.js:92:19)\n    at C:\\Users\\infoj\\OneDrive\\Escritorio\\ExpaSore\\ExpaStore2.0\\ExpaStore-backend\\node_modules\\.pnpm\\body-parser@1.20.4\\node_modules\\body-parser\\lib\\read.js:128:18\n    at AsyncResource.runInAsyncScope (node:async_hooks:211:14)\n    at invokeCallback (C:\\Users\\infoj\\OneDrive\\Escritorio\\ExpaSore\\ExpaStore2.0\\ExpaStore-backend\\node_modules\\.pnpm\\raw-body@2.5.3\\node_modules\\raw-body\\index.js:238:16)\n    at done (C:\\Users\\infoj\\OneDrive\\Escritorio\\ExpaSore\\ExpaStore2.0\\ExpaStore-backend\\node_modules\\.pnpm\\raw-body@2.5.3\\node_modules\\raw-body\\index.js:227:7)\n    at IncomingMessage.onEnd (C:\\Users\\infoj\\OneDrive\\Escritorio\\ExpaSore\\ExpaStore2.0\\ExpaStore-backend\\node_modules\\.pnpm\\raw-body@2.5.3\\node_modules\\raw-body\\index.js:287:7)\n    at IncomingMessage.emit (node:events:524:28)\n    at endReadableNT (node:internal/streams/readable:1698:12)\n    at process.processTicksAndRejections (node:internal/process/task_queues:90:21)","timestamp":"2026-01-03 23:23:49"}
{"error":"The client is closed","key":"login_attempts:infojohnjairo@gmail.com","level":"error","message":"Redis: Error en get","timestamp":"2026-01-03 23:24:34"}
{"error":"The client is closed","key":"login_attempts:infojohnjairo@gmail.com","level":"error","message":"Redis: Error en incr","timestamp":"2026-01-03 23:24:41"}
{"error":"The client is closed","key":"login_attempts:infojohnjairo@gmail.com","level":"error","message":"Redis: Error en expire","timestamp":"2026-01-03 23:24:41"}
{"error":"The client is closed","key":"login_attempts:infojohnjairo@gmail.com","level":"error","message":"Redis: Error en get","timestamp":"2026-01-03 23:25:11"}
{"error":"The client is closed","key":"login_attempts:infojohnjairo@gmail.com","level":"error","message":"Redis: Error en incr","timestamp":"2026-01-03 23:25:18"}
{"error":"The client is closed","key":"login_attempts:infojohnjairo@gmail.com","level":"error","message":"Redis: Error en expire","timestamp":"2026-01-03 23:25:18"}
{"ip":"::ffff:127.0.0.1","level":"error","message":"INVALID_PIN","method":"POST","path":"/api/v1/auth/login/verify-pin","stack":"Error: INVALID_PIN\n    at AuthService.verifyLoginPin (C:\\Users\\infoj\\OneDrive\\Escritorio\\ExpaSore\\ExpaStore2.0\\ExpaStore-backend\\src\\services\\auth.service.js:301:13)\n    at process.processTicksAndRejections (node:internal/process/task_queues:105:5)\n    at async C:\\Users\\infoj\\OneDrive\\Escritorio\\ExpaSore\\ExpaStore2.0\\ExpaStore-backend\\src\\controllers\\auth.controller.js:90:18","timestamp":"2026-01-03 23:25:32"}
{"error":"The client is closed","key":"login_attempts:infojohnjairo@gmail.com","level":"error","message":"Redis: Error en del","timestamp":"2026-01-03 23:25:44"}
{"error":"The client is closed","key":"refresh_token:6484714e-4051-4007-a1a6-d745b3a51048:f347c4462390be1b2a729b2eda19e3d0bed2b22450eff932b2b7849dfcaced25","level":"error","message":"Redis: Error en setEx","timestamp":"2026-01-03 23:25:44"}
